# JRE version: OpenJDK Runtime Environment (8.0_262-b10) (build 1.8.0_262-b10)
# Java VM: OpenJDK 64-Bit Server VM (25.262-b10 mixed mode windows-amd64 compressed oops)
Heap:
 PSYoungGen      total 145920K, used 50658K [0x00000000f5580000, 0x0000000100000000, 0x0000000100000000)
  eden space 133632K, 37% used [0x00000000f5580000,0x00000000f86f8b38,0x00000000fd800000)
  from space 12288K, 0% used [0x00000000ff400000,0x00000000ff400000,0x0000000100000000)
  to   space 20480K, 0% used [0x00000000fd800000,0x00000000fd800000,0x00000000fec00000)
 ParOldGen       total 187904K, used 38771K [0x00000000e0000000, 0x00000000eb780000, 0x00000000f5580000)
  object space 187904K, 20% used [0x00000000e0000000,0x00000000e25dcdf8,0x00000000eb780000)
 Metaspace       used 59082K, capacity 61802K, committed 62080K, reserved 1101824K
  class space    used 8113K, capacity 8723K, committed 8832K, reserved 1048576K
GC Heap History (10 events):
Event: 99.560 GC heap before
{Heap before GC invocations=9 (full 2):
 PSYoungGen      total 112640K, used 10209K [0x00000000f5580000, 0x0000000100000000, 0x0000000100000000)
  eden space 100352K, 0% used [0x00000000f5580000,0x00000000f5580000,0x00000000fb780000)
  from space 12288K, 83% used [0x00000000fb780000,0x00000000fc178400,0x00000000fc380000)
  to   space 12288K, 0% used [0x00000000ff400000,0x00000000ff400000,0x0000000100000000)
 ParOldGen       total 175104K, used 8626K [0x00000000e0000000, 0x00000000eab00000, 0x00000000f5580000)
  object space 175104K, 4% used [0x00000000e0000000,0x00000000e086cab0,0x00000000eab00000)
 Metaspace       used 34118K, capacity 35414K, committed 35496K, reserved 1079296K
  class space    used 4725K, capacity 5051K, committed 5120K, reserved 1048576K
Event: 99.609 GC heap after
Heap after GC invocations=9 (full 2):
 PSYoungGen      total 112640K, used 0K [0x00000000f5580000, 0x0000000100000000, 0x0000000100000000)
  eden space 100352K, 0% used [0x00000000f5580000,0x00000000f5580000,0x00000000fb780000)
  from space 12288K, 0% used [0x00000000fb780000,0x00000000fb780000,0x00000000fc380000)
  to   space 12288K, 0% used [0x00000000ff400000,0x00000000ff400000,0x0000000100000000)
 ParOldGen       total 175104K, used 16801K [0x00000000e0000000, 0x00000000eab00000, 0x00000000f5580000)
  object space 175104K, 9% used [0x00000000e0000000,0x00000000e1068760,0x00000000eab00000)
 Metaspace       used 34118K, capacity 35414K, committed 35496K, reserved 1079296K
  class space    used 4725K, capacity 5051K, committed 5120K, reserved 1048576K
}
Event: 100.757 GC heap before
{Heap before GC invocations=10 (full 2):
 PSYoungGen      total 112640K, used 100352K [0x00000000f5580000, 0x0000000100000000, 0x0000000100000000)
  eden space 100352K, 100% used [0x00000000f5580000,0x00000000fb780000,0x00000000fb780000)
  from space 12288K, 0% used [0x00000000fb780000,0x00000000fb780000,0x00000000fc380000)
  to   space 12288K, 0% used [0x00000000ff400000,0x00000000ff400000,0x0000000100000000)
 ParOldGen       total 175104K, used 16801K [0x00000000e0000000, 0x00000000eab00000, 0x00000000f5580000)
  object space 175104K, 9% used [0x00000000e0000000,0x00000000e1068760,0x00000000eab00000)
 Metaspace       used 38700K, capacity 40662K, committed 40832K, reserved 1085440K
  class space    used 5321K, capacity 5748K, committed 5760K, reserved 1048576K
Event: 100.764 GC heap after
Heap after GC invocations=10 (full 2):
 PSYoungGen      total 162304K, used 7550K [0x00000000f5580000, 0x0000000100000000, 0x0000000100000000)
  eden space 150016K, 0% used [0x00000000f5580000,0x00000000f5580000,0x00000000fe800000)
  from space 12288K, 61% used [0x00000000ff400000,0x00000000ffb5fa58,0x0000000100000000)
  to   space 12288K, 0% used [0x00000000fe800000,0x00000000fe800000,0x00000000ff400000)
 ParOldGen       total 175104K, used 16809K [0x00000000e0000000, 0x00000000eab00000, 0x00000000f5580000)
  object space 175104K, 9% used [0x00000000e0000000,0x00000000e106a760,0x00000000eab00000)
 Metaspace       used 38700K, capacity 40662K, committed 40832K, reserved 1085440K
  class space    used 5321K, capacity 5748K, committed 5760K, reserved 1048576K
}
Event: 103.638 GC heap before
{Heap before GC invocations=11 (full 2):
 PSYoungGen      total 162304K, used 157566K [0x00000000f5580000, 0x0000000100000000, 0x0000000100000000)
  eden space 150016K, 100% used [0x00000000f5580000,0x00000000fe800000,0x00000000fe800000)
  from space 12288K, 61% used [0x00000000ff400000,0x00000000ffb5fa58,0x0000000100000000)
  to   space 12288K, 0% used [0x00000000fe800000,0x00000000fe800000,0x00000000ff400000)
 ParOldGen       total 175104K, used 16809K [0x00000000e0000000, 0x00000000eab00000, 0x00000000f5580000)
  object space 175104K, 9% used [0x00000000e0000000,0x00000000e106a760,0x00000000eab00000)
 Metaspace       used 49479K, capacity 51840K, committed 51968K, reserved 1093632K
  class space    used 6645K, capacity 7163K, committed 7168K, reserved 1048576K
Event: 103.654 GC heap after
Heap after GC invocations=11 (full 2):
 PSYoungGen      total 162304K, used 12263K [0x00000000f5580000, 0x0000000100000000, 0x0000000100000000)
  eden space 150016K, 0% used [0x00000000f5580000,0x00000000f5580000,0x00000000fe800000)
  from space 12288K, 99% used [0x00000000fe800000,0x00000000ff3f9cd8,0x00000000ff400000)
  to   space 12288K, 0% used [0x00000000ff400000,0x00000000ff400000,0x0000000100000000)
 ParOldGen       total 175104K, used 22387K [0x00000000e0000000, 0x00000000eab00000, 0x00000000f5580000)
  object space 175104K, 12% used [0x00000000e0000000,0x00000000e15dce90,0x00000000eab00000)
 Metaspace       used 49479K, capacity 51840K, committed 51968K, reserved 1093632K
  class space    used 6645K, capacity 7163K, committed 7168K, reserved 1048576K
}
Event: 116.102 GC heap before
{Heap before GC invocations=12 (full 2):
 PSYoungGen      total 162304K, used 146370K [0x00000000f5580000, 0x0000000100000000, 0x0000000100000000)
  eden space 150016K, 89% used [0x00000000f5580000,0x00000000fd876c18,0x00000000fe800000)
  from space 12288K, 99% used [0x00000000fe800000,0x00000000ff3f9cd8,0x00000000ff400000)
  to   space 12288K, 0% used [0x00000000ff400000,0x00000000ff400000,0x0000000100000000)
 ParOldGen       total 175104K, used 22387K [0x00000000e0000000, 0x00000000eab00000, 0x00000000f5580000)
  object space 175104K, 12% used [0x00000000e0000000,0x00000000e15dce90,0x00000000eab00000)
 Metaspace       used 56400K, capacity 59106K, committed 59160K, reserved 1099776K
  class space    used 7640K, capacity 8269K, committed 8320K, reserved 1048576K
Event: 116.118 GC heap after
Heap after GC invocations=12 (full 2):
 PSYoungGen      total 145920K, used 12259K [0x00000000f5580000, 0x0000000100000000, 0x0000000100000000)
  eden space 133632K, 0% used [0x00000000f5580000,0x00000000f5580000,0x00000000fd800000)
  from space 12288K, 99% used [0x00000000ff400000,0x00000000ffff8d18,0x0000000100000000)
  to   space 20480K, 0% used [0x00000000fd800000,0x00000000fd800000,0x00000000fec00000)
 ParOldGen       total 175104K, used 35044K [0x00000000e0000000, 0x00000000eab00000, 0x00000000f5580000)
  object space 175104K, 20% used [0x00000000e0000000,0x00000000e22391a0,0x00000000eab00000)
 Metaspace       used 56400K, capacity 59106K, committed 59160K, reserved 1099776K
  class space    used 7640K, capacity 8269K, committed 8320K, reserved 1048576K
}
Event: 116.118 GC heap before
{Heap before GC invocations=13 (full 3):
 PSYoungGen      total 145920K, used 12259K [0x00000000f5580000, 0x0000000100000000, 0x0000000100000000)
  eden space 133632K, 0% used [0x00000000f5580000,0x00000000f5580000,0x00000000fd800000)
  from space 12288K, 99% used [0x00000000ff400000,0x00000000ffff8d18,0x0000000100000000)
  to   space 20480K, 0% used [0x00000000fd800000,0x00000000fd800000,0x00000000fec00000)
 ParOldGen       total 175104K, used 35044K [0x00000000e0000000, 0x00000000eab00000, 0x00000000f5580000)
  object space 175104K, 20% used [0x00000000e0000000,0x00000000e22391a0,0x00000000eab00000)
 Metaspace       used 56400K, capacity 59106K, committed 59160K, reserved 1099776K
  class space    used 7640K, capacity 8269K, committed 8320K, reserved 1048576K
Event: 116.323 GC heap after
Heap after GC invocations=13 (full 3):
 PSYoungGen      total 145920K, used 0K [0x00000000f5580000, 0x0000000100000000, 0x0000000100000000)
  eden space 133632K, 0% used [0x00000000f5580000,0x00000000f5580000,0x00000000fd800000)
  from space 12288K, 0% used [0x00000000ff400000,0x00000000ff400000,0x0000000100000000)
  to   space 20480K, 0% used [0x00000000fd800000,0x00000000fd800000,0x00000000fec00000)
 ParOldGen       total 187904K, used 38771K [0x00000000e0000000, 0x00000000eb780000, 0x00000000f5580000)
  object space 187904K, 20% used [0x00000000e0000000,0x00000000e25dcdf8,0x00000000eb780000)
 Metaspace       used 56330K, capacity 58866K, committed 59160K, reserved 1099776K
  class space    used 7618K, capacity 8229K, committed 8320K, reserved 1048576K
}

