# JRE version: OpenJDK Runtime Environment (8.0_262-b10) (build 1.8.0_262-b10)
# Java VM: OpenJDK 64-Bit Server VM (25.262-b10 mixed mode windows-amd64 compressed oops)
Heap:
 PSYoungGen      total 152576K, used 59272K [0x00000000f5580000, 0x0000000100000000, 0x0000000100000000)
  eden space 132096K, 38% used [0x00000000f5580000,0x00000000f876a238,0x00000000fd680000)
  from space 20480K, 39% used [0x00000000fea00000,0x00000000ff1f8040,0x00000000ffe00000)
  to   space 19968K, 0% used [0x00000000fd680000,0x00000000fd680000,0x00000000fea00000)
 ParOldGen       total 189440K, used 84633K [0x00000000e0000000, 0x00000000eb900000, 0x00000000f5580000)
  object space 189440K, 44% used [0x00000000e0000000,0x00000000e52a65a0,0x00000000eb900000)
 Metaspace       used 84432K, capacity 89412K, committed 89600K, reserved 1126400K
  class space    used 11406K, capacity 12426K, committed 12544K, reserved 1048576K
GC Heap History (10 events):
Event: 167.867 GC heap before
{Heap before GC invocations=15 (full 3):
 PSYoungGen      total 148480K, used 148022K [0x00000000f5580000, 0x0000000100000000, 0x0000000100000000)
  eden space 132608K, 100% used [0x00000000f5580000,0x00000000fd700000,0x00000000fd700000)
  from space 15872K, 97% used [0x00000000fd700000,0x00000000fe60d960,0x00000000fe680000)
  to   space 21504K, 0% used [0x00000000feb00000,0x00000000feb00000,0x0000000100000000)
 ParOldGen       total 189440K, used 38032K [0x00000000e0000000, 0x00000000eb900000, 0x00000000f5580000)
  object space 189440K, 20% used [0x00000000e0000000,0x00000000e25242f8,0x00000000eb900000)
 Metaspace       used 67272K, capacity 71116K, committed 71424K, reserved 1110016K
  class space    used 9315K, capacity 10174K, committed 10240K, reserved 1048576K
Event: 167.906 GC heap after
Heap after GC invocations=15 (full 3):
 PSYoungGen      total 153088K, used 14874K [0x00000000f5580000, 0x0000000100000000, 0x0000000100000000)
  eden space 131584K, 0% used [0x00000000f5580000,0x00000000f5580000,0x00000000fd600000)
  from space 21504K, 69% used [0x00000000feb00000,0x00000000ff986b30,0x0000000100000000)
  to   space 21504K, 0% used [0x00000000fd600000,0x00000000fd600000,0x00000000feb00000)
 ParOldGen       total 189440K, used 50328K [0x00000000e0000000, 0x00000000eb900000, 0x00000000f5580000)
  object space 189440K, 26% used [0x00000000e0000000,0x00000000e31263c8,0x00000000eb900000)
 Metaspace       used 67272K, capacity 71116K, committed 71424K, reserved 1110016K
  class space    used 9315K, capacity 10174K, committed 10240K, reserved 1048576K
}
Event: 174.804 GC heap before
{Heap before GC invocations=16 (full 3):
 PSYoungGen      total 153088K, used 146458K [0x00000000f5580000, 0x0000000100000000, 0x0000000100000000)
  eden space 131584K, 100% used [0x00000000f5580000,0x00000000fd600000,0x00000000fd600000)
  from space 21504K, 69% used [0x00000000feb00000,0x00000000ff986b30,0x0000000100000000)
  to   space 21504K, 0% used [0x00000000fd600000,0x00000000fd600000,0x00000000feb00000)
 ParOldGen       total 189440K, used 50328K [0x00000000e0000000, 0x00000000eb900000, 0x00000000f5580000)
  object space 189440K, 26% used [0x00000000e0000000,0x00000000e31263c8,0x00000000eb900000)
 Metaspace       used 75605K, capacity 80084K, committed 80384K, reserved 1118208K
  class space    used 10420K, capacity 11394K, committed 11520K, reserved 1048576K
Event: 174.837 GC heap after
Heap after GC invocations=16 (full 3):
 PSYoungGen      total 146944K, used 15015K [0x00000000f5580000, 0x0000000100000000, 0x0000000100000000)
  eden space 131584K, 0% used [0x00000000f5580000,0x00000000f5580000,0x00000000fd600000)
  from space 15360K, 97% used [0x00000000fd600000,0x00000000fe4a9d88,0x00000000fe500000)
  to   space 22016K, 0% used [0x00000000fea80000,0x00000000fea80000,0x0000000100000000)
 ParOldGen       total 189440K, used 60125K [0x00000000e0000000, 0x00000000eb900000, 0x00000000f5580000)
  object space 189440K, 31% used [0x00000000e0000000,0x00000000e3ab76c0,0x00000000eb900000)
 Metaspace       used 75605K, capacity 80084K, committed 80384K, reserved 1118208K
  class space    used 10420K, capacity 11394K, committed 11520K, reserved 1048576K
}
Event: 182.507 GC heap before
{Heap before GC invocations=17 (full 3):
 PSYoungGen      total 146944K, used 146599K [0x00000000f5580000, 0x0000000100000000, 0x0000000100000000)
  eden space 131584K, 100% used [0x00000000f5580000,0x00000000fd600000,0x00000000fd600000)
  from space 15360K, 97% used [0x00000000fd600000,0x00000000fe4a9d88,0x00000000fe500000)
  to   space 22016K, 0% used [0x00000000fea80000,0x00000000fea80000,0x0000000100000000)
 ParOldGen       total 189440K, used 60125K [0x00000000e0000000, 0x00000000eb900000, 0x00000000f5580000)
  object space 189440K, 31% used [0x00000000e0000000,0x00000000e3ab76c0,0x00000000eb900000)
 Metaspace       used 78778K, capacity 83514K, committed 83584K, reserved 1122304K
  class space    used 10681K, capacity 11639K, committed 11648K, reserved 1048576K
Event: 182.643 GC heap after
Heap after GC invocations=17 (full 3):
 PSYoungGen      total 153600K, used 10424K [0x00000000f5580000, 0x0000000100000000, 0x0000000100000000)
  eden space 131584K, 0% used [0x00000000f5580000,0x00000000f5580000,0x00000000fd600000)
  from space 22016K, 47% used [0x00000000fea80000,0x00000000ff4ae190,0x0000000100000000)
  to   space 20992K, 0% used [0x00000000fd600000,0x00000000fd600000,0x00000000fea80000)
 ParOldGen       total 189440K, used 69866K [0x00000000e0000000, 0x00000000eb900000, 0x00000000f5580000)
  object space 189440K, 36% used [0x00000000e0000000,0x00000000e443abf0,0x00000000eb900000)
 Metaspace       used 78778K, capacity 83514K, committed 83584K, reserved 1122304K
  class space    used 10681K, capacity 11639K, committed 11648K, reserved 1048576K
}
Event: 186.679 GC heap before
{Heap before GC invocations=18 (full 3):
 PSYoungGen      total 153600K, used 142008K [0x00000000f5580000, 0x0000000100000000, 0x0000000100000000)
  eden space 131584K, 100% used [0x00000000f5580000,0x00000000fd600000,0x00000000fd600000)
  from space 22016K, 47% used [0x00000000fea80000,0x00000000ff4ae190,0x0000000100000000)
  to   space 20992K, 0% used [0x00000000fd600000,0x00000000fd600000,0x00000000fea80000)
 ParOldGen       total 189440K, used 69866K [0x00000000e0000000, 0x00000000eb900000, 0x00000000f5580000)
  object space 189440K, 36% used [0x00000000e0000000,0x00000000e443abf0,0x00000000eb900000)
 Metaspace       used 84001K, capacity 88870K, committed 88960K, reserved 1126400K
  class space    used 11366K, capacity 12379K, committed 12416K, reserved 1048576K
Event: 186.720 GC heap after
Heap after GC invocations=18 (full 3):
 PSYoungGen      total 143872K, used 11845K [0x00000000f5580000, 0x00000000ffe00000, 0x0000000100000000)
  eden space 131584K, 0% used [0x00000000f5580000,0x00000000f5580000,0x00000000fd600000)
  from space 12288K, 96% used [0x00000000fd600000,0x00000000fe191658,0x00000000fe200000)
  to   space 20480K, 0% used [0x00000000fea00000,0x00000000fea00000,0x00000000ffe00000)
 ParOldGen       total 189440K, used 79362K [0x00000000e0000000, 0x00000000eb900000, 0x00000000f5580000)
  object space 189440K, 41% used [0x00000000e0000000,0x00000000e4d809e8,0x00000000eb900000)
 Metaspace       used 84001K, capacity 88870K, committed 88960K, reserved 1126400K
  class space    used 11366K, capacity 12379K, committed 12416K, reserved 1048576K
}
Event: 189.673 GC heap before
{Heap before GC invocations=19 (full 3):
 PSYoungGen      total 143872K, used 143429K [0x00000000f5580000, 0x00000000ffe00000, 0x0000000100000000)
  eden space 131584K, 100% used [0x00000000f5580000,0x00000000fd600000,0x00000000fd600000)
  from space 12288K, 96% used [0x00000000fd600000,0x00000000fe191658,0x00000000fe200000)
  to   space 20480K, 0% used [0x00000000fea00000,0x00000000fea00000,0x00000000ffe00000)
 ParOldGen       total 189440K, used 79362K [0x00000000e0000000, 0x00000000eb900000, 0x00000000f5580000)
  object space 189440K, 41% used [0x00000000e0000000,0x00000000e4d809e8,0x00000000eb900000)
 Metaspace       used 84307K, capacity 89232K, committed 89600K, reserved 1126400K
  class space    used 11396K, capacity 12420K, committed 12544K, reserved 1048576K
Event: 189.701 GC heap after
Heap after GC invocations=19 (full 3):
 PSYoungGen      total 152576K, used 8160K [0x00000000f5580000, 0x0000000100000000, 0x0000000100000000)
  eden space 132096K, 0% used [0x00000000f5580000,0x00000000f5580000,0x00000000fd680000)
  from space 20480K, 39% used [0x00000000fea00000,0x00000000ff1f8040,0x00000000ffe00000)
  to   space 19968K, 0% used [0x00000000fd680000,0x00000000fd680000,0x00000000fea00000)
 ParOldGen       total 189440K, used 84633K [0x00000000e0000000, 0x00000000eb900000, 0x00000000f5580000)
  object space 189440K, 44% used [0x00000000e0000000,0x00000000e52a65a0,0x00000000eb900000)
 Metaspace       used 84307K, capacity 89232K, committed 89600K, reserved 1126400K
  class space    used 11396K, capacity 12420K, committed 12544K, reserved 1048576K
}

